<?xml version="1.0" encoding="UTF-8"?>
<!-- Generated by org.testng.reporters.JUnitXMLReporter -->
<testsuite ignored="4" hostname="Uris-MacBook-Pro.local" failures="0" tests="1" name="Default test" time="22.842" errors="0" timestamp="2021-04-05T02:28:09 IDT">
  <testcase classname="urix.MyStore.tests.CartTest" name="checkOutTest" time="15.682"/>
  <testcase classname="urix.MyStore.tests.CartTest" name="followUsTest" time="0.0">
    <ignored/>
  </testcase> <!-- followUsTest -->
  <testcase classname="urix.MyStore.tests.CartTest" name="addToCart" time="0.0">
    <ignored/>
  </testcase> <!-- addToCart -->
  <testcase classname="urix.MyStore.tests.CartTest" name="addMultipleProductsTest" time="0.0">
    <ignored/>
  </testcase> <!-- addMultipleProductsTest -->
  <testcase classname="urix.MyStore.tests.CartTest" name="deleteFromCartTest" time="0.0">
    <ignored/>
  </testcase> <!-- deleteFromCartTest -->
</testsuite> <!-- Default test -->
