<?xml version="1.0" encoding="UTF-8"?>
<testng-results ignored="4" total="5" passed="1" failed="0" skipped="0">
  <reporter-output>
  </reporter-output>
  <suite started-at="2021-04-05T02:27:46 IDT" name="Default suite" finished-at="2021-04-05T02:28:08 IDT" duration-ms="22842">
    <groups>
    </groups>
    <test started-at="2021-04-05T02:27:46 IDT" name="Default test" finished-at="2021-04-05T02:28:08 IDT" duration-ms="22842">
      <class name="urix.MyStore.tests.CartTest">
        <test-method is-config="true" signature="setup()[pri:0, instance:urix.MyStore.tests.CartTest@7b22ec89]" started-at="2021-04-05T02:27:46 IDT" name="setup" finished-at="2021-04-05T02:27:53 IDT" duration-ms="6829" status="PASS">
          <reporter-output>
          </reporter-output>
        </test-method> <!-- setup -->
        <test-method signature="checkOutTest()[pri:0, instance:urix.MyStore.tests.CartTest@7b22ec89]" started-at="2021-04-05T02:27:53 IDT" name="checkOutTest" finished-at="2021-04-05T02:28:08 IDT" duration-ms="15682" status="PASS">
          <reporter-output>
          </reporter-output>
        </test-method> <!-- checkOutTest -->
        <test-method is-config="true" signature="tearDown()[pri:0, instance:urix.MyStore.tests.CartTest@7b22ec89]" started-at="2021-04-05T02:28:08 IDT" name="tearDown" finished-at="2021-04-05T02:28:08 IDT" duration-ms="158" status="PASS">
          <reporter-output>
          </reporter-output>
        </test-method> <!-- tearDown -->
      </class> <!-- urix.MyStore.tests.CartTest -->
    </test> <!-- Default test -->
  </suite> <!-- Default suite -->
</testng-results>
